WARNING:root:somebody want to choose a letter!
INFO:root:User Add
WARNING:root:somebody want to choose a letter!
INFO:root:User Add
CRITICAL:root:File Not Found Error!!!
INFO:root:Get All!
INFO:root:Search
INFO:root:Search
WARNING:root:User trying to search query which not in fields list
INFO:root:Get All!
INFO:root:Search
WARNING:root:User trying to search query which not in fields list
INFO:root:Search
INFO:root:Update!
WARNING:root:somebody want to choose a letter!
WARNING:root:somebody want to choose a letter!
INFO:root:Get All!
INFO:root:User Add
INFO:root:Update!
WARNING:root:somebody want to choose a letter!
INFO:root:User Add
INFO:root:Get All!
INFO:root:User Add
INFO:root:Update!
INFO:root:Update!
INFO:root:Update!
INFO:root:Update!
INFO:root:Update!
INFO:root:Update!
INFO:root:Get All!
INFO:root:Update!
WARNING:root:somebody entered not integer id
